<?xml version="1.0" encoding="UTF-8"?>
<testng-results ignored="0" total="2" passed="2" failed="0" skipped="0">
  <reporter-output>
  </reporter-output>
  <suite started-at="2023-08-08T21:56:22 IST" name="Default suite" finished-at="2023-08-08T21:56:44 IST" duration-ms="22653">
    <groups>
    </groups>
    <test started-at="2023-08-08T21:56:22 IST" name="Default test" finished-at="2023-08-08T21:56:44 IST" duration-ms="22653">
      <class name="org.ictkerala.testcases.HomeCheckTC">
        <test-method is-config="true" signature="intilization()[pri:0, instance:org.ictkerala.testcases.HomeCheckTC@5656be13]" started-at="2023-08-08T21:56:22 IST" name="intilization" finished-at="2023-08-08T21:56:32 IST" duration-ms="10209" status="PASS">
          <reporter-output>
          </reporter-output>
        </test-method> <!-- intilization -->
        <test-method signature="CheckGECataPosted()[pri:0, instance:org.ictkerala.testcases.HomeCheckTC@5656be13]" started-at="2023-08-08T21:56:32 IST" name="CheckGECataPosted" finished-at="2023-08-08T21:56:34 IST" duration-ms="2320" status="PASS">
          <reporter-output>
          </reporter-output>
        </test-method> <!-- CheckGECataPosted -->
        <test-method is-config="true" signature="intilization()[pri:0, instance:org.ictkerala.testcases.HomeCheckTC@5656be13]" started-at="2023-08-08T21:56:34 IST" name="intilization" finished-at="2023-08-08T21:56:42 IST" duration-ms="7814" status="PASS">
          <reporter-output>
          </reporter-output>
        </test-method> <!-- intilization -->
        <test-method signature="CheckUserCataPosted()[pri:0, instance:org.ictkerala.testcases.HomeCheckTC@5656be13]" started-at="2023-08-08T21:56:42 IST" name="CheckUserCataPosted" finished-at="2023-08-08T21:56:44 IST" duration-ms="2204" status="PASS">
          <reporter-output>
          </reporter-output>
        </test-method> <!-- CheckUserCataPosted -->
      </class> <!-- org.ictkerala.testcases.HomeCheckTC -->
    </test> <!-- Default test -->
  </suite> <!-- Default suite -->
</testng-results>
